<?xml version="1.0" encoding="utf-8"?><testsuites><testsuite name="pytest" errors="0" failures="0" skipped="0" tests="6" time="0.127" timestamp="2025-03-04T21:37:35.441951-05:00" hostname="DESKTOP-OFO4D4D"><testcase classname="test.test_calculator" name="test_add" time="0.003" /><testcase classname="test.test_calculator" name="test_subtract" time="0.001" /><testcase classname="test.test_calculator" name="test_multiply" time="0.001" /><testcase classname="test.test_calculator" name="test_divide" time="0.001" /><testcase classname="test.test_calculator" name="test_divide_by_zero" time="0.001" /><testcase classname="test.test_calculator" name="test_calculator_api" time="0.001" /></testsuite></testsuites>