<?xml version="1.0" encoding="utf-8"?><testsuites><testsuite name="pytest" errors="0" failures="0" skipped="0" tests="17" time="0.343" timestamp="2025-04-22T03:27:10.506488" hostname="MyKompjutre"><testcase classname="src.channel_api.test.test_channel" name="test_create_and_get_channel" time="0.001" /><testcase classname="src.channel_api.test.test_channel" name="test_join_channel" time="0.000" /><testcase classname="src.channel_api.test.test_channel" name="test_list_users" time="0.000" /><testcase classname="src.channel_api.test.test_channel" name="test_create_channel" time="0.000" /><testcase classname="src.channel_api.test.test_channel" name="test_join_same_user_twice" time="0.000" /><testcase classname="src.channel_api.test.test_channel" name="test_channel_reinit" time="0.000" /><testcase classname="src.message.test.test_message" name="test_send_and_get_message" time="0.000" /><testcase classname="src.message.test.test_message" name="test_fetch_latest" time="0.000" /><testcase classname="src.user.test.test_user" name="test_register_and_login" time="0.000" /><testcase classname="src.user.test.test_user" name="test_list_channels" time="0.000" /><testcase classname="src.user.test.test_user" name="test_register_user" time="0.001" /><testcase classname="src.user.test.test_user" name="test_login_user" time="0.000" /><testcase classname="src.user.test.test_user" name="test_user_getters" time="0.000" /><testcase classname="tests.e2e.test_chat_client_e2e" name="test_full_chat_flow" time="0.001" /><testcase classname="tests.integration.test_chat_client" name="test_user_registration_and_login" time="0.000" /><testcase classname="tests.integration.test_chat_client" name="test_channel_creation_and_joining" time="0.000" /><testcase classname="tests.integration.test_chat_client" name="test_message_sending_and_fetching" time="0.000" /></testsuite></testsuites>